D:\WORK\GITHUB\EGC-LABS\LAB7\DEBUG\CAMERA.OBJ
D:\WORK\GITHUB\EGC-LABS\LAB7\DEBUG\CUBE.OBJ
D:\WORK\GITHUB\EGC-LABS\LAB7\DEBUG\LAB7.OBJ
D:\WORK\GITHUB\EGC-LABS\LAB7\DEBUG\LIGHT.OBJ
D:\WORK\GITHUB\EGC-LABS\LAB7\DEBUG\OBJECT3D.OBJ
D:\WORK\GITHUB\EGC-LABS\LAB7\DEBUG\PLANE.OBJ
D:\WORK\GITHUB\EGC-LABS\LAB7\DEBUG\VC110.PDB
D:\WORK\GITHUB\EGC-LABS\LAB7\DEBUG\WORLD.OBJ
D:\WORK\GITHUB\EGC-LABS\LAB7\DEBUG\MAIN.OBJ
D:\WORK\GITHUB\EGC-LABS\LAB7\DEBUG\LAB7.ILK
D:\WORK\GITHUB\EGC-LABS\LAB7\DEBUG\LAB7.EXE
D:\WORK\GITHUB\EGC-LABS\LAB7\DEBUG\LAB7.PDB
D:\Work\GitHub\EGC-labs\lab7\Debug\Camera.obj
D:\Work\GitHub\EGC-labs\lab7\Debug\Cube.obj
D:\Work\GitHub\EGC-labs\lab7\Debug\lab7.obj
D:\Work\GitHub\EGC-labs\lab7\Debug\Light.obj
D:\Work\GitHub\EGC-labs\lab7\Debug\Main.obj
D:\Work\GitHub\EGC-labs\lab7\Debug\Object3D.obj
D:\Work\GitHub\EGC-labs\lab7\Debug\Plane.obj
D:\Work\GitHub\EGC-labs\lab7\Debug\World.obj
D:\Work\GitHub\EGC-labs\lab7\Debug\lab7.ilk
D:\Work\GitHub\EGC-labs\lab7\Debug\cl.command.1.tlog
D:\Work\GitHub\EGC-labs\lab7\Debug\CL.read.1.tlog
D:\Work\GitHub\EGC-labs\lab7\Debug\CL.write.1.tlog
D:\Work\GitHub\EGC-labs\lab7\Debug\link-cvtres.read.1.tlog
D:\Work\GitHub\EGC-labs\lab7\Debug\link-cvtres.write.1.tlog
D:\Work\GitHub\EGC-labs\lab7\Debug\link-rc.read.1.tlog
D:\Work\GitHub\EGC-labs\lab7\Debug\link-rc.write.1.tlog
D:\Work\GitHub\EGC-labs\lab7\Debug\link.1092-cvtres.read.1.tlog
D:\Work\GitHub\EGC-labs\lab7\Debug\link.1092-cvtres.write.1.tlog
D:\Work\GitHub\EGC-labs\lab7\Debug\link.1092-rc.read.1.tlog
D:\Work\GitHub\EGC-labs\lab7\Debug\link.1092-rc.write.1.tlog
D:\Work\GitHub\EGC-labs\lab7\Debug\link.1092.read.1.tlog
D:\Work\GitHub\EGC-labs\lab7\Debug\link.1092.write.1.tlog
D:\Work\GitHub\EGC-labs\lab7\Debug\link.1188-cvtres.read.1.tlog
D:\Work\GitHub\EGC-labs\lab7\Debug\link.1188-cvtres.write.1.tlog
D:\Work\GitHub\EGC-labs\lab7\Debug\link.1188-rc.read.1.tlog
D:\Work\GitHub\EGC-labs\lab7\Debug\link.1188-rc.write.1.tlog
D:\Work\GitHub\EGC-labs\lab7\Debug\link.1188.read.1.tlog
D:\Work\GitHub\EGC-labs\lab7\Debug\link.1188.write.1.tlog
D:\Work\GitHub\EGC-labs\lab7\Debug\link.1204-cvtres.read.1.tlog
D:\Work\GitHub\EGC-labs\lab7\Debug\link.1204-cvtres.write.1.tlog
D:\Work\GitHub\EGC-labs\lab7\Debug\link.1204-rc.read.1.tlog
D:\Work\GitHub\EGC-labs\lab7\Debug\link.1204-rc.write.1.tlog
D:\Work\GitHub\EGC-labs\lab7\Debug\link.1204.read.1.tlog
D:\Work\GitHub\EGC-labs\lab7\Debug\link.1204.write.1.tlog
D:\Work\GitHub\EGC-labs\lab7\Debug\link.2060-cvtres.read.1.tlog
D:\Work\GitHub\EGC-labs\lab7\Debug\link.2060-cvtres.write.1.tlog
D:\Work\GitHub\EGC-labs\lab7\Debug\link.2060-rc.read.1.tlog
D:\Work\GitHub\EGC-labs\lab7\Debug\link.2060-rc.write.1.tlog
D:\Work\GitHub\EGC-labs\lab7\Debug\link.2060.read.1.tlog
D:\Work\GitHub\EGC-labs\lab7\Debug\link.2060.write.1.tlog
D:\Work\GitHub\EGC-labs\lab7\Debug\link.2236-cvtres.read.1.tlog
D:\Work\GitHub\EGC-labs\lab7\Debug\link.2236-cvtres.write.1.tlog
D:\Work\GitHub\EGC-labs\lab7\Debug\link.2236-rc.read.1.tlog
D:\Work\GitHub\EGC-labs\lab7\Debug\link.2236-rc.write.1.tlog
D:\Work\GitHub\EGC-labs\lab7\Debug\link.2236.read.1.tlog
D:\Work\GitHub\EGC-labs\lab7\Debug\link.2236.write.1.tlog
D:\Work\GitHub\EGC-labs\lab7\Debug\link.2376-cvtres.read.1.tlog
D:\Work\GitHub\EGC-labs\lab7\Debug\link.2376-cvtres.write.1.tlog
D:\Work\GitHub\EGC-labs\lab7\Debug\link.2376-rc.read.1.tlog
D:\Work\GitHub\EGC-labs\lab7\Debug\link.2376-rc.write.1.tlog
D:\Work\GitHub\EGC-labs\lab7\Debug\link.2376.read.1.tlog
D:\Work\GitHub\EGC-labs\lab7\Debug\link.2376.write.1.tlog
D:\Work\GitHub\EGC-labs\lab7\Debug\link.2592-cvtres.read.1.tlog
D:\Work\GitHub\EGC-labs\lab7\Debug\link.2592-cvtres.write.1.tlog
D:\Work\GitHub\EGC-labs\lab7\Debug\link.2592-rc.read.1.tlog
D:\Work\GitHub\EGC-labs\lab7\Debug\link.2592-rc.write.1.tlog
D:\Work\GitHub\EGC-labs\lab7\Debug\link.2592.read.1.tlog
D:\Work\GitHub\EGC-labs\lab7\Debug\link.2592.write.1.tlog
D:\Work\GitHub\EGC-labs\lab7\Debug\link.2716-cvtres.read.1.tlog
D:\Work\GitHub\EGC-labs\lab7\Debug\link.2716-cvtres.write.1.tlog
D:\Work\GitHub\EGC-labs\lab7\Debug\link.2716-rc.read.1.tlog
D:\Work\GitHub\EGC-labs\lab7\Debug\link.2716-rc.write.1.tlog
D:\Work\GitHub\EGC-labs\lab7\Debug\link.2716.read.1.tlog
D:\Work\GitHub\EGC-labs\lab7\Debug\link.2716.write.1.tlog
D:\Work\GitHub\EGC-labs\lab7\Debug\link.3052-cvtres.read.1.tlog
D:\Work\GitHub\EGC-labs\lab7\Debug\link.3052-cvtres.write.1.tlog
D:\Work\GitHub\EGC-labs\lab7\Debug\link.3052-rc.read.1.tlog
D:\Work\GitHub\EGC-labs\lab7\Debug\link.3052-rc.write.1.tlog
D:\Work\GitHub\EGC-labs\lab7\Debug\link.3052.read.1.tlog
D:\Work\GitHub\EGC-labs\lab7\Debug\link.3052.write.1.tlog
D:\Work\GitHub\EGC-labs\lab7\Debug\link.3436-cvtres.read.1.tlog
D:\Work\GitHub\EGC-labs\lab7\Debug\link.3436-cvtres.write.1.tlog
D:\Work\GitHub\EGC-labs\lab7\Debug\link.3436-rc.read.1.tlog
D:\Work\GitHub\EGC-labs\lab7\Debug\link.3436-rc.write.1.tlog
D:\Work\GitHub\EGC-labs\lab7\Debug\link.3436.read.1.tlog
D:\Work\GitHub\EGC-labs\lab7\Debug\link.3436.write.1.tlog
D:\Work\GitHub\EGC-labs\lab7\Debug\link.3716-cvtres.read.1.tlog
D:\Work\GitHub\EGC-labs\lab7\Debug\link.3716-cvtres.write.1.tlog
D:\Work\GitHub\EGC-labs\lab7\Debug\link.3716-rc.read.1.tlog
D:\Work\GitHub\EGC-labs\lab7\Debug\link.3716-rc.write.1.tlog
D:\Work\GitHub\EGC-labs\lab7\Debug\link.3716.read.1.tlog
D:\Work\GitHub\EGC-labs\lab7\Debug\link.3716.write.1.tlog
D:\Work\GitHub\EGC-labs\lab7\Debug\link.3724-cvtres.read.1.tlog
D:\Work\GitHub\EGC-labs\lab7\Debug\link.3724-cvtres.write.1.tlog
D:\Work\GitHub\EGC-labs\lab7\Debug\link.3724-rc.read.1.tlog
D:\Work\GitHub\EGC-labs\lab7\Debug\link.3724-rc.write.1.tlog
D:\Work\GitHub\EGC-labs\lab7\Debug\link.3724.read.1.tlog
D:\Work\GitHub\EGC-labs\lab7\Debug\link.3724.write.1.tlog
D:\Work\GitHub\EGC-labs\lab7\Debug\link.3944-cvtres.read.1.tlog
D:\Work\GitHub\EGC-labs\lab7\Debug\link.3944-cvtres.write.1.tlog
D:\Work\GitHub\EGC-labs\lab7\Debug\link.3944-rc.read.1.tlog
D:\Work\GitHub\EGC-labs\lab7\Debug\link.3944-rc.write.1.tlog
D:\Work\GitHub\EGC-labs\lab7\Debug\link.3944.read.1.tlog
D:\Work\GitHub\EGC-labs\lab7\Debug\link.3944.write.1.tlog
D:\Work\GitHub\EGC-labs\lab7\Debug\link.4020-cvtres.read.1.tlog
D:\Work\GitHub\EGC-labs\lab7\Debug\link.4020-cvtres.write.1.tlog
D:\Work\GitHub\EGC-labs\lab7\Debug\link.4020-rc.read.1.tlog
D:\Work\GitHub\EGC-labs\lab7\Debug\link.4020-rc.write.1.tlog
D:\Work\GitHub\EGC-labs\lab7\Debug\link.4020.read.1.tlog
D:\Work\GitHub\EGC-labs\lab7\Debug\link.4020.write.1.tlog
D:\Work\GitHub\EGC-labs\lab7\Debug\link.4100-cvtres.read.1.tlog
D:\Work\GitHub\EGC-labs\lab7\Debug\link.4100-cvtres.write.1.tlog
D:\Work\GitHub\EGC-labs\lab7\Debug\link.4100-rc.read.1.tlog
D:\Work\GitHub\EGC-labs\lab7\Debug\link.4100-rc.write.1.tlog
D:\Work\GitHub\EGC-labs\lab7\Debug\link.4100.read.1.tlog
D:\Work\GitHub\EGC-labs\lab7\Debug\link.4100.write.1.tlog
D:\Work\GitHub\EGC-labs\lab7\Debug\link.4172-cvtres.read.1.tlog
D:\Work\GitHub\EGC-labs\lab7\Debug\link.4172-cvtres.write.1.tlog
D:\Work\GitHub\EGC-labs\lab7\Debug\link.4172-rc.read.1.tlog
D:\Work\GitHub\EGC-labs\lab7\Debug\link.4172-rc.write.1.tlog
D:\Work\GitHub\EGC-labs\lab7\Debug\link.4172.read.1.tlog
D:\Work\GitHub\EGC-labs\lab7\Debug\link.4172.write.1.tlog
D:\Work\GitHub\EGC-labs\lab7\Debug\link.4220-cvtres.read.1.tlog
D:\Work\GitHub\EGC-labs\lab7\Debug\link.4220-cvtres.write.1.tlog
D:\Work\GitHub\EGC-labs\lab7\Debug\link.4220-rc.read.1.tlog
D:\Work\GitHub\EGC-labs\lab7\Debug\link.4220-rc.write.1.tlog
D:\Work\GitHub\EGC-labs\lab7\Debug\link.4220.read.1.tlog
D:\Work\GitHub\EGC-labs\lab7\Debug\link.4220.write.1.tlog
D:\Work\GitHub\EGC-labs\lab7\Debug\link.4272-cvtres.read.1.tlog
D:\Work\GitHub\EGC-labs\lab7\Debug\link.4272-cvtres.write.1.tlog
D:\Work\GitHub\EGC-labs\lab7\Debug\link.4272-rc.read.1.tlog
D:\Work\GitHub\EGC-labs\lab7\Debug\link.4272-rc.write.1.tlog
D:\Work\GitHub\EGC-labs\lab7\Debug\link.4272.read.1.tlog
D:\Work\GitHub\EGC-labs\lab7\Debug\link.4272.write.1.tlog
D:\Work\GitHub\EGC-labs\lab7\Debug\link.4352-cvtres.read.1.tlog
D:\Work\GitHub\EGC-labs\lab7\Debug\link.4352-cvtres.write.1.tlog
D:\Work\GitHub\EGC-labs\lab7\Debug\link.4352-rc.read.1.tlog
D:\Work\GitHub\EGC-labs\lab7\Debug\link.4352-rc.write.1.tlog
D:\Work\GitHub\EGC-labs\lab7\Debug\link.4352.read.1.tlog
D:\Work\GitHub\EGC-labs\lab7\Debug\link.4352.write.1.tlog
D:\Work\GitHub\EGC-labs\lab7\Debug\link.4552-cvtres.read.1.tlog
D:\Work\GitHub\EGC-labs\lab7\Debug\link.4552-cvtres.write.1.tlog
D:\Work\GitHub\EGC-labs\lab7\Debug\link.4552-rc.read.1.tlog
D:\Work\GitHub\EGC-labs\lab7\Debug\link.4552-rc.write.1.tlog
D:\Work\GitHub\EGC-labs\lab7\Debug\link.4552.read.1.tlog
D:\Work\GitHub\EGC-labs\lab7\Debug\link.4552.write.1.tlog
D:\Work\GitHub\EGC-labs\lab7\Debug\link.4628-cvtres.read.1.tlog
D:\Work\GitHub\EGC-labs\lab7\Debug\link.4628-cvtres.write.1.tlog
D:\Work\GitHub\EGC-labs\lab7\Debug\link.4628-rc.read.1.tlog
D:\Work\GitHub\EGC-labs\lab7\Debug\link.4628-rc.write.1.tlog
D:\Work\GitHub\EGC-labs\lab7\Debug\link.4628.read.1.tlog
D:\Work\GitHub\EGC-labs\lab7\Debug\link.4628.write.1.tlog
D:\Work\GitHub\EGC-labs\lab7\Debug\link.4968-cvtres.read.1.tlog
D:\Work\GitHub\EGC-labs\lab7\Debug\link.4968-cvtres.write.1.tlog
D:\Work\GitHub\EGC-labs\lab7\Debug\link.4968-rc.read.1.tlog
D:\Work\GitHub\EGC-labs\lab7\Debug\link.4968-rc.write.1.tlog
D:\Work\GitHub\EGC-labs\lab7\Debug\link.4968.read.1.tlog
D:\Work\GitHub\EGC-labs\lab7\Debug\link.4968.write.1.tlog
D:\Work\GitHub\EGC-labs\lab7\Debug\link.5036-cvtres.read.1.tlog
D:\Work\GitHub\EGC-labs\lab7\Debug\link.5036-cvtres.write.1.tlog
D:\Work\GitHub\EGC-labs\lab7\Debug\link.5036-rc.read.1.tlog
D:\Work\GitHub\EGC-labs\lab7\Debug\link.5036-rc.write.1.tlog
D:\Work\GitHub\EGC-labs\lab7\Debug\link.5036.read.1.tlog
D:\Work\GitHub\EGC-labs\lab7\Debug\link.5036.write.1.tlog
D:\Work\GitHub\EGC-labs\lab7\Debug\link.5044-cvtres.read.1.tlog
D:\Work\GitHub\EGC-labs\lab7\Debug\link.5044-cvtres.write.1.tlog
D:\Work\GitHub\EGC-labs\lab7\Debug\link.5044-rc.read.1.tlog
D:\Work\GitHub\EGC-labs\lab7\Debug\link.5044-rc.write.1.tlog
D:\Work\GitHub\EGC-labs\lab7\Debug\link.5044.read.1.tlog
D:\Work\GitHub\EGC-labs\lab7\Debug\link.5044.write.1.tlog
D:\Work\GitHub\EGC-labs\lab7\Debug\link.5116-cvtres.read.1.tlog
D:\Work\GitHub\EGC-labs\lab7\Debug\link.5116-cvtres.write.1.tlog
D:\Work\GitHub\EGC-labs\lab7\Debug\link.5116-rc.read.1.tlog
D:\Work\GitHub\EGC-labs\lab7\Debug\link.5116-rc.write.1.tlog
D:\Work\GitHub\EGC-labs\lab7\Debug\link.5116.read.1.tlog
D:\Work\GitHub\EGC-labs\lab7\Debug\link.5116.write.1.tlog
D:\Work\GitHub\EGC-labs\lab7\Debug\link.5640-cvtres.read.1.tlog
D:\Work\GitHub\EGC-labs\lab7\Debug\link.5640-cvtres.write.1.tlog
D:\Work\GitHub\EGC-labs\lab7\Debug\link.5640-rc.read.1.tlog
D:\Work\GitHub\EGC-labs\lab7\Debug\link.5640-rc.write.1.tlog
D:\Work\GitHub\EGC-labs\lab7\Debug\link.5640.read.1.tlog
D:\Work\GitHub\EGC-labs\lab7\Debug\link.5640.write.1.tlog
D:\Work\GitHub\EGC-labs\lab7\Debug\link.5700-cvtres.read.1.tlog
D:\Work\GitHub\EGC-labs\lab7\Debug\link.5700-cvtres.write.1.tlog
D:\Work\GitHub\EGC-labs\lab7\Debug\link.5700-rc.read.1.tlog
D:\Work\GitHub\EGC-labs\lab7\Debug\link.5700-rc.write.1.tlog
D:\Work\GitHub\EGC-labs\lab7\Debug\link.5700.read.1.tlog
D:\Work\GitHub\EGC-labs\lab7\Debug\link.5700.write.1.tlog
D:\Work\GitHub\EGC-labs\lab7\Debug\link.920-cvtres.read.1.tlog
D:\Work\GitHub\EGC-labs\lab7\Debug\link.920-cvtres.write.1.tlog
D:\Work\GitHub\EGC-labs\lab7\Debug\link.920-rc.read.1.tlog
D:\Work\GitHub\EGC-labs\lab7\Debug\link.920-rc.write.1.tlog
D:\Work\GitHub\EGC-labs\lab7\Debug\link.920.read.1.tlog
D:\Work\GitHub\EGC-labs\lab7\Debug\link.920.write.1.tlog
D:\Work\GitHub\EGC-labs\lab7\Debug\link.command.1.tlog
D:\Work\GitHub\EGC-labs\lab7\Debug\link.read.1.tlog
D:\Work\GitHub\EGC-labs\lab7\Debug\link.write.1.tlog
D:\Work\GitHub\EGC-labs\lab7\Debug\vc110.idb
D:\Work\GitHub\EGC-labs\lab7\Debug\lab7.pdb
D:\Work\GitHub\EGC-labs\lab7\Debug\vc110.pdb
D:\Work\GitHub\EGC-labs\lab7\Debug\lab7.exe
